# JRE version: OpenJDK Runtime Environment (17.0.9) (build 17.0.9+0--11185874)
# Java VM: OpenJDK 64-Bit Server VM (17.0.9+0--11185874, mixed mode, tiered, compressed oops, compressed class ptrs, g1 gc, windows-amd64)
GC Precious Log:
 CPUs: 6 total, 6 available
 Memory: 3445M
 Large Page Support: Disabled
 NUMA Support: Disabled
 Compressed Oops: Enabled (32-bit)
 Heap Region Size: 1M
 Heap Min Capacity: 8M
 Heap Initial Capacity: 54M
 Heap Max Capacity: 2G
 Pre-touch: Disabled
 Parallel Workers: 6
 Concurrent Workers: 2
 Concurrent Refinement Workers: 6
 Periodic GC: Disabled
Heap:
 garbage-first heap   total 361472K, used 166532K [0x0000000080000000, 0x0000000100000000)
  region size 1024K, 1 young (1024K), 1 survivors (1024K)
 Metaspace       used 135865K, committed 137536K, reserved 1179648K
  class space    used 18743K, committed 19520K, reserved 1048576K
GC Heap History (20 events):
Event: 986.613 GC heap after
{Heap after GC invocations=61 (full 0):
 garbage-first heap   total 361472K, used 170518K [0x0000000080000000, 0x0000000100000000)
  region size 1024K, 2 young (2048K), 2 survivors (2048K)
 Metaspace       used 133309K, committed 134464K, reserved 1179648K
  class space    used 18441K, committed 19008K, reserved 1048576K
}
Event: 986.692 GC heap before
{Heap before GC invocations=61 (full 0):
 garbage-first heap   total 361472K, used 171542K [0x0000000080000000, 0x0000000100000000)
  region size 1024K, 5 young (5120K), 2 survivors (2048K)
 Metaspace       used 133314K, committed 134464K, reserved 1179648K
  class space    used 18441K, committed 19008K, reserved 1048576K
}
Event: 986.714 GC heap after
{Heap after GC invocations=62 (full 0):
 garbage-first heap   total 361472K, used 169291K [0x0000000080000000, 0x0000000100000000)
  region size 1024K, 1 young (1024K), 1 survivors (1024K)
 Metaspace       used 133314K, committed 134464K, reserved 1179648K
  class space    used 18441K, committed 19008K, reserved 1048576K
}
Event: 1100.534 GC heap before
{Heap before GC invocations=63 (full 0):
 garbage-first heap   total 361472K, used 299339K [0x0000000080000000, 0x0000000100000000)
  region size 1024K, 111 young (113664K), 1 survivors (1024K)
 Metaspace       used 134506K, committed 136064K, reserved 1179648K
  class space    used 18675K, committed 19392K, reserved 1048576K
}
Event: 1100.676 GC heap after
{Heap after GC invocations=64 (full 0):
 garbage-first heap   total 361472K, used 166383K [0x0000000080000000, 0x0000000100000000)
  region size 1024K, 11 young (11264K), 11 survivors (11264K)
 Metaspace       used 134506K, committed 136064K, reserved 1179648K
  class space    used 18675K, committed 19392K, reserved 1048576K
}
Event: 1107.715 GC heap before
{Heap before GC invocations=64 (full 0):
 garbage-first heap   total 361472K, used 171503K [0x0000000080000000, 0x0000000100000000)
  region size 1024K, 17 young (17408K), 11 survivors (11264K)
 Metaspace       used 134559K, committed 136192K, reserved 1179648K
  class space    used 18689K, committed 19456K, reserved 1048576K
}
Event: 1107.934 GC heap after
{Heap after GC invocations=65 (full 0):
 garbage-first heap   total 361472K, used 163722K [0x0000000080000000, 0x0000000100000000)
  region size 1024K, 2 young (2048K), 2 survivors (2048K)
 Metaspace       used 134559K, committed 136192K, reserved 1179648K
  class space    used 18689K, committed 19456K, reserved 1048576K
}
Event: 1111.509 GC heap before
{Heap before GC invocations=65 (full 0):
 garbage-first heap   total 361472K, used 222090K [0x0000000080000000, 0x0000000100000000)
  region size 1024K, 61 young (62464K), 2 survivors (2048K)
 Metaspace       used 135151K, committed 136832K, reserved 1179648K
  class space    used 18738K, committed 19520K, reserved 1048576K
}
Event: 1111.557 GC heap after
{Heap after GC invocations=66 (full 0):
 garbage-first heap   total 361472K, used 163569K [0x0000000080000000, 0x0000000100000000)
  region size 1024K, 2 young (2048K), 2 survivors (2048K)
 Metaspace       used 135151K, committed 136832K, reserved 1179648K
  class space    used 18738K, committed 19520K, reserved 1048576K
}
Event: 1382.862 GC heap before
{Heap before GC invocations=67 (full 0):
 garbage-first heap   total 361472K, used 319217K [0x0000000080000000, 0x0000000100000000)
  region size 1024K, 124 young (126976K), 2 survivors (2048K)
 Metaspace       used 135363K, committed 136960K, reserved 1179648K
  class space    used 18742K, committed 19520K, reserved 1048576K
}
Event: 1383.011 GC heap after
{Heap after GC invocations=68 (full 0):
 garbage-first heap   total 361472K, used 175721K [0x0000000080000000, 0x0000000100000000)
  region size 1024K, 14 young (14336K), 14 survivors (14336K)
 Metaspace       used 135363K, committed 136960K, reserved 1179648K
  class space    used 18742K, committed 19520K, reserved 1048576K
}
Event: 1383.112 GC heap before
{Heap before GC invocations=68 (full 0):
 garbage-first heap   total 361472K, used 178793K [0x0000000080000000, 0x0000000100000000)
  region size 1024K, 17 young (17408K), 14 survivors (14336K)
 Metaspace       used 135370K, committed 137024K, reserved 1179648K
  class space    used 18742K, committed 19520K, reserved 1048576K
}
Event: 1383.244 GC heap after
{Heap after GC invocations=69 (full 0):
 garbage-first heap   total 361472K, used 165677K [0x0000000080000000, 0x0000000100000000)
  region size 1024K, 2 young (2048K), 2 survivors (2048K)
 Metaspace       used 135370K, committed 137024K, reserved 1179648K
  class space    used 18742K, committed 19520K, reserved 1048576K
}
Event: 1384.365 GC heap before
{Heap before GC invocations=69 (full 0):
 garbage-first heap   total 361472K, used 213805K [0x0000000080000000, 0x0000000100000000)
  region size 1024K, 51 young (52224K), 2 survivors (2048K)
 Metaspace       used 135560K, committed 137216K, reserved 1179648K
  class space    used 18742K, committed 19520K, reserved 1048576K
}
Event: 1384.388 GC heap after
{Heap after GC invocations=70 (full 0):
 garbage-first heap   total 361472K, used 164841K [0x0000000080000000, 0x0000000100000000)
  region size 1024K, 2 young (2048K), 2 survivors (2048K)
 Metaspace       used 135560K, committed 137216K, reserved 1179648K
  class space    used 18742K, committed 19520K, reserved 1048576K
}
Event: 1599.926 GC heap before
{Heap before GC invocations=71 (full 0):
 garbage-first heap   total 361472K, used 324585K [0x0000000080000000, 0x0000000100000000)
  region size 1024K, 127 young (130048K), 2 survivors (2048K)
 Metaspace       used 135700K, committed 137344K, reserved 1179648K
  class space    used 18742K, committed 19520K, reserved 1048576K
}
Event: 1599.986 GC heap after
{Heap after GC invocations=72 (full 0):
 garbage-first heap   total 361472K, used 175473K [0x0000000080000000, 0x0000000100000000)
  region size 1024K, 12 young (12288K), 12 survivors (12288K)
 Metaspace       used 135700K, committed 137344K, reserved 1179648K
  class space    used 18742K, committed 19520K, reserved 1048576K
}
Event: 1600.217 GC heap before
{Heap before GC invocations=72 (full 0):
 garbage-first heap   total 361472K, used 180593K [0x0000000080000000, 0x0000000100000000)
  region size 1024K, 17 young (17408K), 12 survivors (12288K)
 Metaspace       used 135712K, committed 137408K, reserved 1179648K
  class space    used 18742K, committed 19520K, reserved 1048576K
}
Event: 1600.300 GC heap after
{Heap after GC invocations=73 (full 0):
 garbage-first heap   total 361472K, used 167473K [0x0000000080000000, 0x0000000100000000)
  region size 1024K, 2 young (2048K), 2 survivors (2048K)
 Metaspace       used 135712K, committed 137408K, reserved 1179648K
  class space    used 18742K, committed 19520K, reserved 1048576K
}
Event: 1600.563 GC heap before
{Heap before GC invocations=73 (full 0):
 garbage-first heap   total 361472K, used 179761K [0x0000000080000000, 0x0000000100000000)
  region size 1024K, 16 young (16384K), 2 survivors (2048K)
 Metaspace       used 135865K, committed 137536K, reserved 1179648K
  class space    used 18743K, committed 19520K, reserved 1048576K
}

